# JRE version: OpenJDK Runtime Environment Temurin-21.0.8+9 (21.0.8+9) (build 21.0.8+9-LTS)
# Java VM: OpenJDK 64-Bit Server VM Temurin-21.0.8+9 (21.0.8+9-LTS, mixed mode, sharing, tiered, compressed oops, compressed class ptrs, parallel gc, windows-amd64)
GC Precious Log:
 CardTable entry size: 512
 CPUs: 12 total, 12 available
 Memory: 7581M
 Large Page Support: Disabled
 NUMA Support: Disabled
 Compressed Oops: Enabled (32-bit)
 Alignments: Space 512K, Generation 512K, Heap 2M
 Heap Min Capacity: 100M
 Heap Initial Capacity: 100M
 Heap Max Capacity: 2G
 Pre-touch: Disabled
 Parallel Workers: 10
Heap:
 PSYoungGen      total 7168K, used 5154K [0x00000000d5580000, 0x00000000d5d80000, 0x0000000100000000)
  eden space 6656K, 73% used [0x00000000d5580000,0x00000000d5a488e0,0x00000000d5c00000)
  from space 512K, 50% used [0x00000000d5c80000,0x00000000d5cc0000,0x00000000d5d00000)
  to   space 512K, 0% used [0x00000000d5d00000,0x00000000d5d00000,0x00000000d5d80000)
 ParOldGen       total 92672K, used 92222K [0x0000000080000000, 0x0000000085a80000, 0x00000000d5580000)
  object space 92672K, 99% used [0x0000000080000000,0x0000000085a0f878,0x0000000085a80000)
 Metaspace       used 62229K, committed 63616K, reserved 1114112K
  class space    used 7206K, committed 7808K, reserved 1048576K
GC Heap History (20 events):
Event: 62.873 GC heap before
{Heap before GC invocations=69 (full 3):
 PSYoungGen      total 7680K, used 7488K [0x00000000d5580000, 0x00000000d5f00000, 0x0000000100000000)
  eden space 6656K, 100% used [0x00000000d5580000,0x00000000d5c00000,0x00000000d5c00000)
  from space 1024K, 81% used [0x00000000d5c00000,0x00000000d5cd0000,0x00000000d5d00000)
  to   space 1536K, 0% used [0x00000000d5d80000,0x00000000d5d80000,0x00000000d5f00000)
 ParOldGen       total 88064K, used 87969K [0x0000000080000000, 0x0000000085600000, 0x00000000d5580000)
  object space 88064K, 99% used [0x0000000080000000,0x00000000855e87f0,0x0000000085600000)
 Metaspace       used 61295K, committed 62720K, reserved 1114112K
  class space    used 7141K, committed 7744K, reserved 1048576K
}
Event: 62.876 GC heap after
{Heap after GC invocations=69 (full 3):
 PSYoungGen      total 7680K, used 928K [0x00000000d5580000, 0x00000000d5e80000, 0x0000000100000000)
  eden space 6656K, 0% used [0x00000000d5580000,0x00000000d5580000,0x00000000d5c00000)
  from space 1024K, 90% used [0x00000000d5d80000,0x00000000d5e68020,0x00000000d5e80000)
  to   space 1024K, 0% used [0x00000000d5c00000,0x00000000d5c00000,0x00000000d5d00000)
 ParOldGen       total 89088K, used 88673K [0x0000000080000000, 0x0000000085700000, 0x00000000d5580000)
  object space 89088K, 99% used [0x0000000080000000,0x00000000856987f0,0x0000000085700000)
 Metaspace       used 61295K, committed 62720K, reserved 1114112K
  class space    used 7141K, committed 7744K, reserved 1048576K
}
Event: 62.962 GC heap before
{Heap before GC invocations=70 (full 3):
 PSYoungGen      total 7680K, used 7584K [0x00000000d5580000, 0x00000000d5e80000, 0x0000000100000000)
  eden space 6656K, 100% used [0x00000000d5580000,0x00000000d5c00000,0x00000000d5c00000)
  from space 1024K, 90% used [0x00000000d5d80000,0x00000000d5e68020,0x00000000d5e80000)
  to   space 1024K, 0% used [0x00000000d5c00000,0x00000000d5c00000,0x00000000d5d00000)
 ParOldGen       total 89088K, used 88673K [0x0000000080000000, 0x0000000085700000, 0x00000000d5580000)
  object space 89088K, 99% used [0x0000000080000000,0x00000000856987f0,0x0000000085700000)
 Metaspace       used 61342K, committed 62720K, reserved 1114112K
  class space    used 7141K, committed 7744K, reserved 1048576K
}
Event: 62.965 GC heap after
{Heap after GC invocations=70 (full 3):
 PSYoungGen      total 7680K, used 992K [0x00000000d5580000, 0x00000000d5e00000, 0x0000000100000000)
  eden space 6656K, 0% used [0x00000000d5580000,0x00000000d5580000,0x00000000d5c00000)
  from space 1024K, 96% used [0x00000000d5c00000,0x00000000d5cf8020,0x00000000d5d00000)
  to   space 1024K, 0% used [0x00000000d5d00000,0x00000000d5d00000,0x00000000d5e00000)
 ParOldGen       total 89600K, used 89490K [0x0000000080000000, 0x0000000085780000, 0x00000000d5580000)
  object space 89600K, 99% used [0x0000000080000000,0x0000000085764810,0x0000000085780000)
 Metaspace       used 61342K, committed 62720K, reserved 1114112K
  class space    used 7141K, committed 7744K, reserved 1048576K
}
Event: 62.995 GC heap before
{Heap before GC invocations=71 (full 3):
 PSYoungGen      total 7680K, used 7648K [0x00000000d5580000, 0x00000000d5e00000, 0x0000000100000000)
  eden space 6656K, 100% used [0x00000000d5580000,0x00000000d5c00000,0x00000000d5c00000)
  from space 1024K, 96% used [0x00000000d5c00000,0x00000000d5cf8020,0x00000000d5d00000)
  to   space 1024K, 0% used [0x00000000d5d00000,0x00000000d5d00000,0x00000000d5e00000)
 ParOldGen       total 89600K, used 89490K [0x0000000080000000, 0x0000000085780000, 0x00000000d5580000)
  object space 89600K, 99% used [0x0000000080000000,0x0000000085764810,0x0000000085780000)
 Metaspace       used 61344K, committed 62720K, reserved 1114112K
  class space    used 7141K, committed 7744K, reserved 1048576K
}
Event: 62.998 GC heap after
{Heap after GC invocations=71 (full 3):
 PSYoungGen      total 7680K, used 832K [0x00000000d5580000, 0x00000000d5e00000, 0x0000000100000000)
  eden space 6656K, 0% used [0x00000000d5580000,0x00000000d5580000,0x00000000d5c00000)
  from space 1024K, 81% used [0x00000000d5d00000,0x00000000d5dd0000,0x00000000d5e00000)
  to   space 1024K, 0% used [0x00000000d5c00000,0x00000000d5c00000,0x00000000d5d00000)
 ParOldGen       total 90624K, used 90338K [0x0000000080000000, 0x0000000085880000, 0x00000000d5580000)
  object space 90624K, 99% used [0x0000000080000000,0x0000000085838a30,0x0000000085880000)
 Metaspace       used 61344K, committed 62720K, reserved 1114112K
  class space    used 7141K, committed 7744K, reserved 1048576K
}
Event: 63.180 GC heap before
{Heap before GC invocations=72 (full 3):
 PSYoungGen      total 7680K, used 7488K [0x00000000d5580000, 0x00000000d5e00000, 0x0000000100000000)
  eden space 6656K, 100% used [0x00000000d5580000,0x00000000d5c00000,0x00000000d5c00000)
  from space 1024K, 81% used [0x00000000d5d00000,0x00000000d5dd0000,0x00000000d5e00000)
  to   space 1024K, 0% used [0x00000000d5c00000,0x00000000d5c00000,0x00000000d5d00000)
 ParOldGen       total 90624K, used 90338K [0x0000000080000000, 0x0000000085880000, 0x00000000d5580000)
  object space 90624K, 99% used [0x0000000080000000,0x0000000085838a30,0x0000000085880000)
 Metaspace       used 61662K, committed 63040K, reserved 1114112K
  class space    used 7168K, committed 7744K, reserved 1048576K
}
Event: 63.182 GC heap after
{Heap after GC invocations=72 (full 3):
 PSYoungGen      total 7680K, used 627K [0x00000000d5580000, 0x00000000d5e00000, 0x0000000100000000)
  eden space 6656K, 0% used [0x00000000d5580000,0x00000000d5580000,0x00000000d5c00000)
  from space 1024K, 61% used [0x00000000d5c00000,0x00000000d5c9cf00,0x00000000d5d00000)
  to   space 1024K, 0% used [0x00000000d5d00000,0x00000000d5d00000,0x00000000d5e00000)
 ParOldGen       total 91136K, used 91015K [0x0000000080000000, 0x0000000085900000, 0x00000000d5580000)
  object space 91136K, 99% used [0x0000000080000000,0x00000000858e1d88,0x0000000085900000)
 Metaspace       used 61662K, committed 63040K, reserved 1114112K
  class space    used 7168K, committed 7744K, reserved 1048576K
}
Event: 63.375 GC heap before
{Heap before GC invocations=73 (full 3):
 PSYoungGen      total 7680K, used 7283K [0x00000000d5580000, 0x00000000d5e00000, 0x0000000100000000)
  eden space 6656K, 100% used [0x00000000d5580000,0x00000000d5c00000,0x00000000d5c00000)
  from space 1024K, 61% used [0x00000000d5c00000,0x00000000d5c9cf00,0x00000000d5d00000)
  to   space 1024K, 0% used [0x00000000d5d00000,0x00000000d5d00000,0x00000000d5e00000)
 ParOldGen       total 91136K, used 91015K [0x0000000080000000, 0x0000000085900000, 0x00000000d5580000)
  object space 91136K, 99% used [0x0000000080000000,0x00000000858e1d88,0x0000000085900000)
 Metaspace       used 61877K, committed 63168K, reserved 1114112K
  class space    used 7193K, committed 7744K, reserved 1048576K
}
Event: 63.377 GC heap after
{Heap after GC invocations=73 (full 3):
 PSYoungGen      total 7680K, used 672K [0x00000000d5580000, 0x00000000d5e00000, 0x0000000100000000)
  eden space 6656K, 0% used [0x00000000d5580000,0x00000000d5580000,0x00000000d5c00000)
  from space 1024K, 65% used [0x00000000d5d00000,0x00000000d5da8080,0x00000000d5e00000)
  to   space 1024K, 0% used [0x00000000d5c00000,0x00000000d5c00000,0x00000000d5d00000)
 ParOldGen       total 91648K, used 91375K [0x0000000080000000, 0x0000000085980000, 0x00000000d5580000)
  object space 91648K, 99% used [0x0000000080000000,0x000000008593bda8,0x0000000085980000)
 Metaspace       used 61877K, committed 63168K, reserved 1114112K
  class space    used 7193K, committed 7744K, reserved 1048576K
}
Event: 63.507 GC heap before
{Heap before GC invocations=74 (full 3):
 PSYoungGen      total 7680K, used 7324K [0x00000000d5580000, 0x00000000d5e00000, 0x0000000100000000)
  eden space 6656K, 99% used [0x00000000d5580000,0x00000000d5bff020,0x00000000d5c00000)
  from space 1024K, 65% used [0x00000000d5d00000,0x00000000d5da8080,0x00000000d5e00000)
  to   space 1024K, 0% used [0x00000000d5c00000,0x00000000d5c00000,0x00000000d5d00000)
 ParOldGen       total 91648K, used 91375K [0x0000000080000000, 0x0000000085980000, 0x00000000d5580000)
  object space 91648K, 99% used [0x0000000080000000,0x000000008593bda8,0x0000000085980000)
 Metaspace       used 61977K, committed 63360K, reserved 1114112K
  class space    used 7198K, committed 7744K, reserved 1048576K
}
Event: 63.508 GC heap after
{Heap after GC invocations=74 (full 3):
 PSYoungGen      total 7680K, used 192K [0x00000000d5580000, 0x00000000d5d80000, 0x0000000100000000)
  eden space 6656K, 0% used [0x00000000d5580000,0x00000000d5580000,0x00000000d5c00000)
  from space 1024K, 18% used [0x00000000d5c00000,0x00000000d5c30000,0x00000000d5d00000)
  to   space 512K, 0% used [0x00000000d5d00000,0x00000000d5d00000,0x00000000d5d80000)
 ParOldGen       total 92160K, used 91830K [0x0000000080000000, 0x0000000085a00000, 0x00000000d5580000)
  object space 92160K, 99% used [0x0000000080000000,0x00000000859ad868,0x0000000085a00000)
 Metaspace       used 61977K, committed 63360K, reserved 1114112K
  class space    used 7198K, committed 7744K, reserved 1048576K
}
Event: 3247.069 GC heap before
{Heap before GC invocations=75 (full 3):
 PSYoungGen      total 7680K, used 6847K [0x00000000d5580000, 0x00000000d5d80000, 0x0000000100000000)
  eden space 6656K, 99% used [0x00000000d5580000,0x00000000d5bfffd0,0x00000000d5c00000)
  from space 1024K, 18% used [0x00000000d5c00000,0x00000000d5c30000,0x00000000d5d00000)
  to   space 512K, 0% used [0x00000000d5d00000,0x00000000d5d00000,0x00000000d5d80000)
 ParOldGen       total 92160K, used 91830K [0x0000000080000000, 0x0000000085a00000, 0x00000000d5580000)
  object space 92160K, 99% used [0x0000000080000000,0x00000000859ad868,0x0000000085a00000)
 Metaspace       used 62083K, committed 63488K, reserved 1114112K
  class space    used 7203K, committed 7808K, reserved 1048576K
}
Event: 3247.156 GC heap after
{Heap after GC invocations=75 (full 3):
 PSYoungGen      total 7168K, used 320K [0x00000000d5580000, 0x00000000d5d80000, 0x0000000100000000)
  eden space 6656K, 0% used [0x00000000d5580000,0x00000000d5580000,0x00000000d5c00000)
  from space 512K, 62% used [0x00000000d5d00000,0x00000000d5d50000,0x00000000d5d80000)
  to   space 512K, 0% used [0x00000000d5c80000,0x00000000d5c80000,0x00000000d5d00000)
 ParOldGen       total 92160K, used 91918K [0x0000000080000000, 0x0000000085a00000, 0x00000000d5580000)
  object space 92160K, 99% used [0x0000000080000000,0x00000000859c3878,0x0000000085a00000)
 Metaspace       used 62083K, committed 63488K, reserved 1114112K
  class space    used 7203K, committed 7808K, reserved 1048576K
}
Event: 4851.092 GC heap before
{Heap before GC invocations=76 (full 3):
 PSYoungGen      total 7168K, used 6976K [0x00000000d5580000, 0x00000000d5d80000, 0x0000000100000000)
  eden space 6656K, 100% used [0x00000000d5580000,0x00000000d5c00000,0x00000000d5c00000)
  from space 512K, 62% used [0x00000000d5d00000,0x00000000d5d50000,0x00000000d5d80000)
  to   space 512K, 0% used [0x00000000d5c80000,0x00000000d5c80000,0x00000000d5d00000)
 ParOldGen       total 92160K, used 91918K [0x0000000080000000, 0x0000000085a00000, 0x00000000d5580000)
  object space 92160K, 99% used [0x0000000080000000,0x00000000859c3878,0x0000000085a00000)
 Metaspace       used 62151K, committed 63552K, reserved 1114112K
  class space    used 7205K, committed 7808K, reserved 1048576K
}
Event: 4851.116 GC heap after
{Heap after GC invocations=76 (full 3):
 PSYoungGen      total 7168K, used 320K [0x00000000d5580000, 0x00000000d5d80000, 0x0000000100000000)
  eden space 6656K, 0% used [0x00000000d5580000,0x00000000d5580000,0x00000000d5c00000)
  from space 512K, 62% used [0x00000000d5c80000,0x00000000d5cd0000,0x00000000d5d00000)
  to   space 512K, 0% used [0x00000000d5d00000,0x00000000d5d00000,0x00000000d5d80000)
 ParOldGen       total 92160K, used 92142K [0x0000000080000000, 0x0000000085a00000, 0x00000000d5580000)
  object space 92160K, 99% used [0x0000000080000000,0x00000000859fb878,0x0000000085a00000)
 Metaspace       used 62151K, committed 63552K, reserved 1114112K
  class space    used 7205K, committed 7808K, reserved 1048576K
}
Event: 6418.063 GC heap before
{Heap before GC invocations=77 (full 3):
 PSYoungGen      total 7168K, used 6968K [0x00000000d5580000, 0x00000000d5d80000, 0x0000000100000000)
  eden space 6656K, 99% used [0x00000000d5580000,0x00000000d5bfe068,0x00000000d5c00000)
  from space 512K, 62% used [0x00000000d5c80000,0x00000000d5cd0000,0x00000000d5d00000)
  to   space 512K, 0% used [0x00000000d5d00000,0x00000000d5d00000,0x00000000d5d80000)
 ParOldGen       total 92160K, used 92142K [0x0000000080000000, 0x0000000085a00000, 0x00000000d5580000)
  object space 92160K, 99% used [0x0000000080000000,0x00000000859fb878,0x0000000085a00000)
 Metaspace       used 62165K, committed 63552K, reserved 1114112K
  class space    used 7205K, committed 7808K, reserved 1048576K
}
Event: 6418.079 GC heap after
{Heap after GC invocations=77 (full 3):
 PSYoungGen      total 7168K, used 288K [0x00000000d5580000, 0x00000000d5d80000, 0x0000000100000000)
  eden space 6656K, 0% used [0x00000000d5580000,0x00000000d5580000,0x00000000d5c00000)
  from space 512K, 56% used [0x00000000d5d00000,0x00000000d5d48000,0x00000000d5d80000)
  to   space 512K, 0% used [0x00000000d5c80000,0x00000000d5c80000,0x00000000d5d00000)
 ParOldGen       total 92672K, used 92206K [0x0000000080000000, 0x0000000085a80000, 0x00000000d5580000)
  object space 92672K, 99% used [0x0000000080000000,0x0000000085a0b878,0x0000000085a80000)
 Metaspace       used 62165K, committed 63552K, reserved 1114112K
  class space    used 7205K, committed 7808K, reserved 1048576K
}
Event: 8012.240 GC heap before
{Heap before GC invocations=78 (full 3):
 PSYoungGen      total 7168K, used 6943K [0x00000000d5580000, 0x00000000d5d80000, 0x0000000100000000)
  eden space 6656K, 99% used [0x00000000d5580000,0x00000000d5bffff0,0x00000000d5c00000)
  from space 512K, 56% used [0x00000000d5d00000,0x00000000d5d48000,0x00000000d5d80000)
  to   space 512K, 0% used [0x00000000d5c80000,0x00000000d5c80000,0x00000000d5d00000)
 ParOldGen       total 92672K, used 92206K [0x0000000080000000, 0x0000000085a80000, 0x00000000d5580000)
  object space 92672K, 99% used [0x0000000080000000,0x0000000085a0b878,0x0000000085a80000)
 Metaspace       used 62190K, committed 63552K, reserved 1114112K
  class space    used 7205K, committed 7808K, reserved 1048576K
}
Event: 8012.281 GC heap after
{Heap after GC invocations=78 (full 3):
 PSYoungGen      total 7168K, used 256K [0x00000000d5580000, 0x00000000d5d80000, 0x0000000100000000)
  eden space 6656K, 0% used [0x00000000d5580000,0x00000000d5580000,0x00000000d5c00000)
  from space 512K, 50% used [0x00000000d5c80000,0x00000000d5cc0000,0x00000000d5d00000)
  to   space 512K, 0% used [0x00000000d5d00000,0x00000000d5d00000,0x00000000d5d80000)
 ParOldGen       total 92672K, used 92222K [0x0000000080000000, 0x0000000085a80000, 0x00000000d5580000)
  object space 92672K, 99% used [0x0000000080000000,0x0000000085a0f878,0x0000000085a80000)
 Metaspace       used 62190K, committed 63552K, reserved 1114112K
  class space    used 7205K, committed 7808K, reserved 1048576K
}

