# JRE version: OpenJDK Runtime Environment Temurin-21.0.8+9 (21.0.8+9) (build 21.0.8+9-LTS)
# Java VM: OpenJDK 64-Bit Server VM Temurin-21.0.8+9 (21.0.8+9-LTS, mixed mode, sharing, tiered, compressed oops, compressed class ptrs, parallel gc, windows-amd64)
GC Precious Log:
 CardTable entry size: 512
 CPUs: 12 total, 12 available
 Memory: 7581M
 Large Page Support: Disabled
 NUMA Support: Disabled
 Compressed Oops: Enabled (32-bit)
 Alignments: Space 512K, Generation 512K, Heap 2M
 Heap Min Capacity: 100M
 Heap Initial Capacity: 100M
 Heap Max Capacity: 2G
 Pre-touch: Disabled
 Parallel Workers: 10
Heap:
 PSYoungGen      total 19456K, used 15680K [0x00000000d5580000, 0x00000000d6a80000, 0x0000000100000000)
  eden space 17920K, 83% used [0x00000000d5580000,0x00000000d6430230,0x00000000d6700000)
  from space 1536K, 41% used [0x00000000d6780000,0x00000000d6820000,0x00000000d6900000)
  to   space 1024K, 0% used [0x00000000d6980000,0x00000000d6980000,0x00000000d6a80000)
 ParOldGen       total 68608K, used 31733K [0x0000000080000000, 0x0000000084300000, 0x00000000d5580000)
  object space 68608K, 46% used [0x0000000080000000,0x0000000081efd400,0x0000000084300000)
 Metaspace       used 40739K, committed 41856K, reserved 1114112K
  class space    used 4332K, committed 4800K, reserved 1048576K
GC Heap History (20 events):
Event: 4.242 GC heap before
{Heap before GC invocations=14 (full 1):
 PSYoungGen      total 19456K, used 19195K [0x00000000d5580000, 0x00000000d6d80000, 0x0000000100000000)
  eden space 17920K, 100% used [0x00000000d5580000,0x00000000d6700000,0x00000000d6700000)
  from space 1536K, 83% used [0x00000000d6c00000,0x00000000d6d3eda0,0x00000000d6d80000)
  to   space 1536K, 0% used [0x00000000d6a80000,0x00000000d6a80000,0x00000000d6c00000)
 ParOldGen       total 68608K, used 25182K [0x0000000080000000, 0x0000000084300000, 0x00000000d5580000)
  object space 68608K, 36% used [0x0000000080000000,0x0000000081897be8,0x0000000084300000)
 Metaspace       used 27797K, committed 28672K, reserved 1114112K
  class space    used 2709K, committed 3072K, reserved 1048576K
}
Event: 4.244 GC heap after
{Heap after GC invocations=14 (full 1):
 PSYoungGen      total 19456K, used 1375K [0x00000000d5580000, 0x00000000d6c80000, 0x0000000100000000)
  eden space 17920K, 0% used [0x00000000d5580000,0x00000000d5580000,0x00000000d6700000)
  from space 1536K, 89% used [0x00000000d6a80000,0x00000000d6bd7df0,0x00000000d6c00000)
  to   space 512K, 0% used [0x00000000d6c00000,0x00000000d6c00000,0x00000000d6c80000)
 ParOldGen       total 68608K, used 26206K [0x0000000080000000, 0x0000000084300000, 0x00000000d5580000)
  object space 68608K, 38% used [0x0000000080000000,0x00000000819978e8,0x0000000084300000)
 Metaspace       used 27797K, committed 28672K, reserved 1114112K
  class space    used 2709K, committed 3072K, reserved 1048576K
}
Event: 4.480 GC heap before
{Heap before GC invocations=15 (full 1):
 PSYoungGen      total 19456K, used 19239K [0x00000000d5580000, 0x00000000d6c80000, 0x0000000100000000)
  eden space 17920K, 99% used [0x00000000d5580000,0x00000000d66f1f80,0x00000000d6700000)
  from space 1536K, 89% used [0x00000000d6a80000,0x00000000d6bd7df0,0x00000000d6c00000)
  to   space 512K, 0% used [0x00000000d6c00000,0x00000000d6c00000,0x00000000d6c80000)
 ParOldGen       total 68608K, used 26206K [0x0000000080000000, 0x0000000084300000, 0x00000000d5580000)
  object space 68608K, 38% used [0x0000000080000000,0x00000000819978e8,0x0000000084300000)
 Metaspace       used 30481K, committed 31488K, reserved 1114112K
  class space    used 3010K, committed 3456K, reserved 1048576K
}
Event: 4.482 GC heap after
{Heap after GC invocations=15 (full 1):
 PSYoungGen      total 18432K, used 506K [0x00000000d5580000, 0x00000000d6d00000, 0x0000000100000000)
  eden space 17920K, 0% used [0x00000000d5580000,0x00000000d5580000,0x00000000d6700000)
  from space 512K, 98% used [0x00000000d6c00000,0x00000000d6c7e828,0x00000000d6c80000)
  to   space 3072K, 0% used [0x00000000d6700000,0x00000000d6700000,0x00000000d6a00000)
 ParOldGen       total 68608K, used 28355K [0x0000000080000000, 0x0000000084300000, 0x00000000d5580000)
  object space 68608K, 41% used [0x0000000080000000,0x0000000081bb0c70,0x0000000084300000)
 Metaspace       used 30481K, committed 31488K, reserved 1114112K
  class space    used 3010K, committed 3456K, reserved 1048576K
}
Event: 4.544 GC heap before
{Heap before GC invocations=16 (full 1):
 PSYoungGen      total 18432K, used 18426K [0x00000000d5580000, 0x00000000d6d00000, 0x0000000100000000)
  eden space 17920K, 100% used [0x00000000d5580000,0x00000000d6700000,0x00000000d6700000)
  from space 512K, 98% used [0x00000000d6c00000,0x00000000d6c7e828,0x00000000d6c80000)
  to   space 3072K, 0% used [0x00000000d6700000,0x00000000d6700000,0x00000000d6a00000)
 ParOldGen       total 68608K, used 28355K [0x0000000080000000, 0x0000000084300000, 0x00000000d5580000)
  object space 68608K, 41% used [0x0000000080000000,0x0000000081bb0c70,0x0000000084300000)
 Metaspace       used 31407K, committed 32384K, reserved 1114112K
  class space    used 3111K, committed 3520K, reserved 1048576K
}
Event: 4.545 GC heap after
{Heap after GC invocations=16 (full 1):
 PSYoungGen      total 20992K, used 689K [0x00000000d5580000, 0x00000000d6c80000, 0x0000000100000000)
  eden space 17920K, 0% used [0x00000000d5580000,0x00000000d5580000,0x00000000d6700000)
  from space 3072K, 22% used [0x00000000d6700000,0x00000000d67ac460,0x00000000d6a00000)
  to   space 1536K, 0% used [0x00000000d6b00000,0x00000000d6b00000,0x00000000d6c80000)
 ParOldGen       total 68608K, used 28878K [0x0000000080000000, 0x0000000084300000, 0x00000000d5580000)
  object space 68608K, 42% used [0x0000000080000000,0x0000000081c338b8,0x0000000084300000)
 Metaspace       used 31407K, committed 32384K, reserved 1114112K
  class space    used 3111K, committed 3520K, reserved 1048576K
}
Event: 4.640 GC heap before
{Heap before GC invocations=17 (full 1):
 PSYoungGen      total 20992K, used 18609K [0x00000000d5580000, 0x00000000d6c80000, 0x0000000100000000)
  eden space 17920K, 100% used [0x00000000d5580000,0x00000000d6700000,0x00000000d6700000)
  from space 3072K, 22% used [0x00000000d6700000,0x00000000d67ac460,0x00000000d6a00000)
  to   space 1536K, 0% used [0x00000000d6b00000,0x00000000d6b00000,0x00000000d6c80000)
 ParOldGen       total 68608K, used 28878K [0x0000000080000000, 0x0000000084300000, 0x00000000d5580000)
  object space 68608K, 42% used [0x0000000080000000,0x0000000081c338b8,0x0000000084300000)
 Metaspace       used 33276K, committed 34368K, reserved 1114112K
  class space    used 3358K, committed 3840K, reserved 1048576K
}
Event: 4.641 GC heap after
{Heap after GC invocations=17 (full 1):
 PSYoungGen      total 19456K, used 1520K [0x00000000d5580000, 0x00000000d6d00000, 0x0000000100000000)
  eden space 17920K, 0% used [0x00000000d5580000,0x00000000d5580000,0x00000000d6700000)
  from space 1536K, 98% used [0x00000000d6b00000,0x00000000d6c7c010,0x00000000d6c80000)
  to   space 3072K, 0% used [0x00000000d6700000,0x00000000d6700000,0x00000000d6a00000)
 ParOldGen       total 68608K, used 29837K [0x0000000080000000, 0x0000000084300000, 0x00000000d5580000)
  object space 68608K, 43% used [0x0000000080000000,0x0000000081d237b0,0x0000000084300000)
 Metaspace       used 33276K, committed 34368K, reserved 1114112K
  class space    used 3358K, committed 3840K, reserved 1048576K
}
Event: 4.716 GC heap before
{Heap before GC invocations=18 (full 1):
 PSYoungGen      total 19456K, used 19440K [0x00000000d5580000, 0x00000000d6d00000, 0x0000000100000000)
  eden space 17920K, 100% used [0x00000000d5580000,0x00000000d6700000,0x00000000d6700000)
  from space 1536K, 98% used [0x00000000d6b00000,0x00000000d6c7c010,0x00000000d6c80000)
  to   space 3072K, 0% used [0x00000000d6700000,0x00000000d6700000,0x00000000d6a00000)
 ParOldGen       total 68608K, used 29837K [0x0000000080000000, 0x0000000084300000, 0x00000000d5580000)
  object space 68608K, 43% used [0x0000000080000000,0x0000000081d237b0,0x0000000084300000)
 Metaspace       used 34356K, committed 35456K, reserved 1114112K
  class space    used 3500K, committed 3968K, reserved 1048576K
}
Event: 4.717 GC heap after
{Heap after GC invocations=18 (full 1):
 PSYoungGen      total 20992K, used 800K [0x00000000d5580000, 0x00000000d6b80000, 0x0000000100000000)
  eden space 17920K, 0% used [0x00000000d5580000,0x00000000d5580000,0x00000000d6700000)
  from space 3072K, 26% used [0x00000000d6700000,0x00000000d67c8000,0x00000000d6a00000)
  to   space 1536K, 0% used [0x00000000d6a00000,0x00000000d6a00000,0x00000000d6b80000)
 ParOldGen       total 68608K, used 31308K [0x0000000080000000, 0x0000000084300000, 0x00000000d5580000)
  object space 68608K, 45% used [0x0000000080000000,0x0000000081e93088,0x0000000084300000)
 Metaspace       used 34356K, committed 35456K, reserved 1114112K
  class space    used 3500K, committed 3968K, reserved 1048576K
}
Event: 4.747 GC heap before
{Heap before GC invocations=19 (full 1):
 PSYoungGen      total 20992K, used 8170K [0x00000000d5580000, 0x00000000d6b80000, 0x0000000100000000)
  eden space 17920K, 41% used [0x00000000d5580000,0x00000000d5cb2a50,0x00000000d6700000)
  from space 3072K, 26% used [0x00000000d6700000,0x00000000d67c8000,0x00000000d6a00000)
  to   space 1536K, 0% used [0x00000000d6a00000,0x00000000d6a00000,0x00000000d6b80000)
 ParOldGen       total 68608K, used 31308K [0x0000000080000000, 0x0000000084300000, 0x00000000d5580000)
  object space 68608K, 45% used [0x0000000080000000,0x0000000081e93088,0x0000000084300000)
 Metaspace       used 34763K, committed 35840K, reserved 1114112K
  class space    used 3554K, committed 4032K, reserved 1048576K
}
Event: 4.748 GC heap after
{Heap after GC invocations=19 (full 1):
 PSYoungGen      total 18944K, used 544K [0x00000000d5580000, 0x00000000d6b00000, 0x0000000100000000)
  eden space 17920K, 0% used [0x00000000d5580000,0x00000000d5580000,0x00000000d6700000)
  from space 1024K, 53% used [0x00000000d6a00000,0x00000000d6a88000,0x00000000d6b00000)
  to   space 1024K, 0% used [0x00000000d6900000,0x00000000d6900000,0x00000000d6a00000)
 ParOldGen       total 68608K, used 31884K [0x0000000080000000, 0x0000000084300000, 0x00000000d5580000)
  object space 68608K, 46% used [0x0000000080000000,0x0000000081f23088,0x0000000084300000)
 Metaspace       used 34763K, committed 35840K, reserved 1114112K
  class space    used 3554K, committed 4032K, reserved 1048576K
}
Event: 4.748 GC heap before
{Heap before GC invocations=20 (full 2):
 PSYoungGen      total 18944K, used 544K [0x00000000d5580000, 0x00000000d6b00000, 0x0000000100000000)
  eden space 17920K, 0% used [0x00000000d5580000,0x00000000d5580000,0x00000000d6700000)
  from space 1024K, 53% used [0x00000000d6a00000,0x00000000d6a88000,0x00000000d6b00000)
  to   space 1024K, 0% used [0x00000000d6900000,0x00000000d6900000,0x00000000d6a00000)
 ParOldGen       total 68608K, used 31884K [0x0000000080000000, 0x0000000084300000, 0x00000000d5580000)
  object space 68608K, 46% used [0x0000000080000000,0x0000000081f23088,0x0000000084300000)
 Metaspace       used 34763K, committed 35840K, reserved 1114112K
  class space    used 3554K, committed 4032K, reserved 1048576K
}
Event: 4.778 GC heap after
{Heap after GC invocations=20 (full 2):
 PSYoungGen      total 18944K, used 0K [0x00000000d5580000, 0x00000000d6b00000, 0x0000000100000000)
  eden space 17920K, 0% used [0x00000000d5580000,0x00000000d5580000,0x00000000d6700000)
  from space 1024K, 0% used [0x00000000d6a00000,0x00000000d6a00000,0x00000000d6b00000)
  to   space 1024K, 0% used [0x00000000d6900000,0x00000000d6900000,0x00000000d6a00000)
 ParOldGen       total 68608K, used 30508K [0x0000000080000000, 0x0000000084300000, 0x00000000d5580000)
  object space 68608K, 44% used [0x0000000080000000,0x0000000081dcb3f0,0x0000000084300000)
 Metaspace       used 34763K, committed 35840K, reserved 1114112K
  class space    used 3554K, committed 4032K, reserved 1048576K
}
Event: 4.890 GC heap before
{Heap before GC invocations=21 (full 2):
 PSYoungGen      total 18944K, used 17920K [0x00000000d5580000, 0x00000000d6b00000, 0x0000000100000000)
  eden space 17920K, 100% used [0x00000000d5580000,0x00000000d6700000,0x00000000d6700000)
  from space 1024K, 0% used [0x00000000d6a00000,0x00000000d6a00000,0x00000000d6b00000)
  to   space 1024K, 0% used [0x00000000d6900000,0x00000000d6900000,0x00000000d6a00000)
 ParOldGen       total 68608K, used 30508K [0x0000000080000000, 0x0000000084300000, 0x00000000d5580000)
  object space 68608K, 44% used [0x0000000080000000,0x0000000081dcb3f0,0x0000000084300000)
 Metaspace       used 36663K, committed 37760K, reserved 1114112K
  class space    used 3802K, committed 4224K, reserved 1048576K
}
Event: 4.891 GC heap after
{Heap after GC invocations=21 (full 2):
 PSYoungGen      total 18944K, used 1024K [0x00000000d5580000, 0x00000000d6a80000, 0x0000000100000000)
  eden space 17920K, 0% used [0x00000000d5580000,0x00000000d5580000,0x00000000d6700000)
  from space 1024K, 100% used [0x00000000d6900000,0x00000000d6a00000,0x00000000d6a00000)
  to   space 512K, 0% used [0x00000000d6a00000,0x00000000d6a00000,0x00000000d6a80000)
 ParOldGen       total 68608K, used 30740K [0x0000000080000000, 0x0000000084300000, 0x00000000d5580000)
  object space 68608K, 44% used [0x0000000080000000,0x0000000081e053f0,0x0000000084300000)
 Metaspace       used 36663K, committed 37760K, reserved 1114112K
  class space    used 3802K, committed 4224K, reserved 1048576K
}
Event: 5.064 GC heap before
{Heap before GC invocations=22 (full 2):
 PSYoungGen      total 18944K, used 18944K [0x00000000d5580000, 0x00000000d6a80000, 0x0000000100000000)
  eden space 17920K, 100% used [0x00000000d5580000,0x00000000d6700000,0x00000000d6700000)
  from space 1024K, 100% used [0x00000000d6900000,0x00000000d6a00000,0x00000000d6a00000)
  to   space 512K, 0% used [0x00000000d6a00000,0x00000000d6a00000,0x00000000d6a80000)
 ParOldGen       total 68608K, used 30740K [0x0000000080000000, 0x0000000084300000, 0x00000000d5580000)
  object space 68608K, 44% used [0x0000000080000000,0x0000000081e053f0,0x0000000084300000)
 Metaspace       used 37685K, committed 38784K, reserved 1114112K
  class space    used 3940K, committed 4416K, reserved 1048576K
}
Event: 5.065 GC heap after
{Heap after GC invocations=22 (full 2):
 PSYoungGen      total 18432K, used 512K [0x00000000d5580000, 0x00000000d6a80000, 0x0000000100000000)
  eden space 17920K, 0% used [0x00000000d5580000,0x00000000d5580000,0x00000000d6700000)
  from space 512K, 100% used [0x00000000d6a00000,0x00000000d6a80000,0x00000000d6a80000)
  to   space 1536K, 0% used [0x00000000d6780000,0x00000000d6780000,0x00000000d6900000)
 ParOldGen       total 68608K, used 31341K [0x0000000080000000, 0x0000000084300000, 0x00000000d5580000)
  object space 68608K, 45% used [0x0000000080000000,0x0000000081e9b400,0x0000000084300000)
 Metaspace       used 37685K, committed 38784K, reserved 1114112K
  class space    used 3940K, committed 4416K, reserved 1048576K
}
Event: 5.247 GC heap before
{Heap before GC invocations=23 (full 2):
 PSYoungGen      total 18432K, used 18432K [0x00000000d5580000, 0x00000000d6a80000, 0x0000000100000000)
  eden space 17920K, 100% used [0x00000000d5580000,0x00000000d6700000,0x00000000d6700000)
  from space 512K, 100% used [0x00000000d6a00000,0x00000000d6a80000,0x00000000d6a80000)
  to   space 1536K, 0% used [0x00000000d6780000,0x00000000d6780000,0x00000000d6900000)
 ParOldGen       total 68608K, used 31341K [0x0000000080000000, 0x0000000084300000, 0x00000000d5580000)
  object space 68608K, 45% used [0x0000000080000000,0x0000000081e9b400,0x0000000084300000)
 Metaspace       used 39097K, committed 40192K, reserved 1114112K
  class space    used 4126K, committed 4608K, reserved 1048576K
}
Event: 5.248 GC heap after
{Heap after GC invocations=23 (full 2):
 PSYoungGen      total 19456K, used 640K [0x00000000d5580000, 0x00000000d6a80000, 0x0000000100000000)
  eden space 17920K, 0% used [0x00000000d5580000,0x00000000d5580000,0x00000000d6700000)
  from space 1536K, 41% used [0x00000000d6780000,0x00000000d6820000,0x00000000d6900000)
  to   space 1024K, 0% used [0x00000000d6980000,0x00000000d6980000,0x00000000d6a80000)
 ParOldGen       total 68608K, used 31733K [0x0000000080000000, 0x0000000084300000, 0x00000000d5580000)
  object space 68608K, 46% used [0x0000000080000000,0x0000000081efd400,0x0000000084300000)
 Metaspace       used 39097K, committed 40192K, reserved 1114112K
  class space    used 4126K, committed 4608K, reserved 1048576K
}

